1619940795222	Marionette	INFO	Marionette enabled
console.warn: SearchSettings: "get: No settings file exists, new profile?" (new Error("", "(unknown module)"))
1619940804855	Marionette	INFO	Listening on port 46195
1619940805011	Marionette	WARN	TLS certificate errors will be ignored for this session
JavaScript warning: https://web.whatsapp.com/bootstrap_qr.df9188bb4cd23ee53e79.js, line 1: unreachable code after return statement
JavaScript warning: https://web.whatsapp.com/bootstrap_qr.df9188bb4cd23ee53e79.js, line 1: unreachable code after return statement
1619941170005	Marionette	INFO	Stopped listening on port 46195

###!!! [Parent][RunMessage] Error: Channel closing: too late to send/recv, messages will be lost

1619941548426	Marionette	INFO	Marionette enabled
console.warn: SearchSettings: "get: No settings file exists, new profile?" (new Error("", "(unknown module)"))
1619941557219	Marionette	INFO	Listening on port 38585
1619941557251	Marionette	WARN	TLS certificate errors will be ignored for this session
JavaScript warning: https://web.whatsapp.com/bootstrap_qr.df9188bb4cd23ee53e79.js, line 1: unreachable code after return statement
JavaScript warning: https://web.whatsapp.com/bootstrap_qr.df9188bb4cd23ee53e79.js, line 1: unreachable code after return statement
1619941588293	Marionette	INFO	Stopped listening on port 38585
1619941694532	Marionette	INFO	Marionette enabled
console.warn: SearchSettings: "get: No settings file exists, new profile?" (new Error("", "(unknown module)"))
1619941697950	Marionette	INFO	Listening on port 39735
1619941698008	Marionette	WARN	TLS certificate errors will be ignored for this session
JavaScript warning: https://web.whatsapp.com/bootstrap_qr.df9188bb4cd23ee53e79.js, line 1: unreachable code after return statement
JavaScript warning: https://web.whatsapp.com/bootstrap_qr.df9188bb4cd23ee53e79.js, line 1: unreachable code after return statement
Exiting due to channel error.
[GFX1-]: Receive IPC close with reason=AbnormalShutdown
Exiting due to channel error.
Exiting due to channel error.
1619942151181	Marionette	INFO	Marionette enabled
console.warn: SearchSettings: "get: No settings file exists, new profile?" (new Error("", "(unknown module)"))
1619942171244	Marionette	INFO	Listening on port 32919
1619942171451	Marionette	WARN	TLS certificate errors will be ignored for this session
JavaScript warning: https://web.whatsapp.com/bootstrap_qr.df9188bb4cd23ee53e79.js, line 1: unreachable code after return statement
JavaScript warning: https://web.whatsapp.com/bootstrap_qr.df9188bb4cd23ee53e79.js, line 1: unreachable code after return statement
JavaScript warning: https://web.whatsapp.com/bootstrap_qr.df9188bb4cd23ee53e79.js, line 1: unreachable code after return statement
JavaScript warning: https://web.whatsapp.com/bootstrap_qr.df9188bb4cd23ee53e79.js, line 1: unreachable code after return statement
JavaScript error: , line 0: NotFoundError: No such JSWindowActor 'MarionetteEvents'
JavaScript error: , line 0: NotFoundError: No such JSWindowActor 'MarionetteEvents'
JavaScript error: , line 0: NotFoundError: No such JSWindowActor 'MarionetteEvents'
1619942286858	Marionette	INFO	Stopped listening on port 32919
1619942397890	Marionette	INFO	Marionette enabled
console.warn: SearchSettings: "get: No settings file exists, new profile?" (new Error("", "(unknown module)"))
1619942405217	Marionette	INFO	Listening on port 34467
1619942405327	Marionette	WARN	TLS certificate errors will be ignored for this session
JavaScript warning: https://web.whatsapp.com/bootstrap_qr.df9188bb4cd23ee53e79.js, line 1: unreachable code after return statement
JavaScript warning: https://web.whatsapp.com/bootstrap_qr.df9188bb4cd23ee53e79.js, line 1: unreachable code after return statement

###!!! [Child][RunMessage] Error: Channel closing: too late to send/recv, messages will be lost


###!!! [Child][RunMessage] Error: Channel closing: too late to send/recv, messages will be lost

1619942507541	Marionette	INFO	Stopped listening on port 34467

###!!! [Parent][RunMessage] Error: Channel closing: too late to send/recv, messages will be lost

1619942561910	Marionette	INFO	Marionette enabled
console.warn: SearchSettings: "get: No settings file exists, new profile?" (new Error("", "(unknown module)"))
1619942567153	Marionette	INFO	Listening on port 39889
1619942567725	Marionette	WARN	TLS certificate errors will be ignored for this session
JavaScript warning: https://web.whatsapp.com/bootstrap_qr.df9188bb4cd23ee53e79.js, line 1: unreachable code after return statement
JavaScript warning: https://web.whatsapp.com/bootstrap_qr.df9188bb4cd23ee53e79.js, line 1: unreachable code after return statement
Exiting due to channel error.
Exiting due to channel error.
Exiting due to channel error.
1619944036788	Marionette	INFO	Marionette enabled
console.warn: SearchSettings: "get: No settings file exists, new profile?" (new Error("", "(unknown module)"))
1619944056695	Marionette	INFO	Listening on port 38971
1619944056942	Marionette	WARN	TLS certificate errors will be ignored for this session
JavaScript warning: https://web.whatsapp.com/bootstrap_qr.df9188bb4cd23ee53e79.js, line 1: unreachable code after return statement
JavaScript warning: https://web.whatsapp.com/bootstrap_qr.df9188bb4cd23ee53e79.js, line 1: unreachable code after return statement

###!!! [Parent][MessageChannel] Error: (msgtype=0x6B0008,name=PMessagePort::Msg___delete__) Channel closing: too late to send/recv, messages will be lost


###!!! [Parent][RunMessage] Error: Channel closing: too late to send/recv, messages will be lost

Exiting due to channel error.
Exiting due to channel error.
Exiting due to channel error.
1619944519909	Marionette	INFO	Marionette enabled
console.warn: SearchSettings: "get: No settings file exists, new profile?" (new Error("", "(unknown module)"))
1619944531003	Marionette	INFO	Listening on port 33109
1619944531218	Marionette	WARN	TLS certificate errors will be ignored for this session
JavaScript warning: https://web.whatsapp.com/bootstrap_qr.df9188bb4cd23ee53e79.js, line 1: unreachable code after return statement
JavaScript warning: https://web.whatsapp.com/bootstrap_qr.df9188bb4cd23ee53e79.js, line 1: unreachable code after return statement
1619944675074	Marionette	INFO	Stopped listening on port 33109

###!!! [Parent][RunMessage] Error: Channel closing: too late to send/recv, messages will be lost

1619944742807	Marionette	INFO	Marionette enabled
console.warn: SearchSettings: "get: No settings file exists, new profile?" (new Error("", "(unknown module)"))
1619944746265	Marionette	INFO	Listening on port 40273
1619944746338	Marionette	WARN	TLS certificate errors will be ignored for this session
JavaScript warning: https://web.whatsapp.com/bootstrap_qr.df9188bb4cd23ee53e79.js, line 1: unreachable code after return statement
JavaScript warning: https://web.whatsapp.com/bootstrap_qr.df9188bb4cd23ee53e79.js, line 1: unreachable code after return statement
1619944807622	Marionette	INFO	Stopped listening on port 40273

###!!! [Parent][RunMessage] Error: Channel closing: too late to send/recv, messages will be lost

1619945116949	Marionette	INFO	Marionette enabled
console.warn: SearchSettings: "get: No settings file exists, new profile?" (new Error("", "(unknown module)"))
1619945119862	Marionette	INFO	Listening on port 39127
1619945119954	Marionette	WARN	TLS certificate errors will be ignored for this session
JavaScript warning: https://web.whatsapp.com/bootstrap_qr.df9188bb4cd23ee53e79.js, line 1: unreachable code after return statement
JavaScript warning: https://web.whatsapp.com/bootstrap_qr.df9188bb4cd23ee53e79.js, line 1: unreachable code after return statement
1619945204564	Marionette	INFO	Stopped listening on port 39127

###!!! [Parent][RunMessage] Error: Channel closing: too late to send/recv, messages will be lost

1619945232855	Marionette	INFO	Marionette enabled
console.warn: SearchSettings: "get: No settings file exists, new profile?" (new Error("", "(unknown module)"))
1619945236526	Marionette	INFO	Listening on port 45843
1619945236637	Marionette	WARN	TLS certificate errors will be ignored for this session
JavaScript warning: https://web.whatsapp.com/bootstrap_qr.df9188bb4cd23ee53e79.js, line 1: unreachable code after return statement
JavaScript warning: https://web.whatsapp.com/bootstrap_qr.df9188bb4cd23ee53e79.js, line 1: unreachable code after return statement
1619945404691	Marionette	INFO	Stopped listening on port 45843
1619945415199	Marionette	INFO	Marionette enabled
console.warn: SearchSettings: "get: No settings file exists, new profile?" (new Error("", "(unknown module)"))
1619945418014	Marionette	INFO	Listening on port 43677
1619945418116	Marionette	WARN	TLS certificate errors will be ignored for this session
JavaScript warning: https://web.whatsapp.com/bootstrap_qr.df9188bb4cd23ee53e79.js, line 1: unreachable code after return statement
JavaScript warning: https://web.whatsapp.com/bootstrap_qr.df9188bb4cd23ee53e79.js, line 1: unreachable code after return statement
Exiting due to channel error.
Exiting due to channel error.
Exiting due to channel error.
1619948817046	Marionette	INFO	Marionette enabled
console.warn: SearchSettings: "get: No settings file exists, new profile?" (new Error("", "(unknown module)"))
1619948828926	Marionette	INFO	Listening on port 34107
1619948829100	Marionette	WARN	TLS certificate errors will be ignored for this session
JavaScript warning: https://web.whatsapp.com/bootstrap_qr.df9188bb4cd23ee53e79.js, line 1: unreachable code after return statement
JavaScript warning: https://web.whatsapp.com/bootstrap_qr.df9188bb4cd23ee53e79.js, line 1: unreachable code after return statement
1619949171394	Marionette	INFO	Stopped listening on port 34107
1619949265291	Marionette	INFO	Marionette enabled
console.warn: SearchSettings: "get: No settings file exists, new profile?" (new Error("", "(unknown module)"))
1619949268967	Marionette	INFO	Listening on port 39149
1619949268986	Marionette	WARN	TLS certificate errors will be ignored for this session
JavaScript warning: https://web.whatsapp.com/bootstrap_qr.df9188bb4cd23ee53e79.js, line 1: unreachable code after return statement
JavaScript warning: https://web.whatsapp.com/bootstrap_qr.df9188bb4cd23ee53e79.js, line 1: unreachable code after return statement
Marionette threw an error: TypeError: browsingContextFn().currentWindowGlobal is null
getMarionetteCommandsActorProxy/get/<@chrome://marionette/content/actors/MarionetteCommandsParent.jsm:327:29

1619949336956	Marionette	INFO	Stopped listening on port 39149

###!!! [Parent][RunMessage] Error: Channel closing: too late to send/recv, messages will be lost

1619961367447	geckodriver	INFO	Listening on 127.0.0.1:39147
1619961368443	mozrunner::runner	INFO	Running command: "/usr/bin/firefox" "--marionette" "-foreground" "-no-remote" "-profile" "/tmp/rust_mozprofile7cxw6o"
console.warn: SearchSettings: "get: No settings file exists, new profile?" (new Error("", "(unknown module)"))
1619961385610	Marionette	INFO	Listening on port 40257
1619961385919	Marionette	WARN	TLS certificate errors will be ignored for this session
JavaScript warning: https://web.whatsapp.com/bootstrap_qr.df9188bb4cd23ee53e79.js, line 1: unreachable code after return statement
JavaScript warning: https://web.whatsapp.com/bootstrap_qr.df9188bb4cd23ee53e79.js, line 1: unreachable code after return statement
1619961531167	Marionette	INFO	Stopped listening on port 40257
1619961590074	geckodriver	INFO	Listening on 127.0.0.1:43623
1619961591084	mozrunner::runner	INFO	Running command: "/usr/bin/firefox" "--marionette" "-foreground" "-no-remote" "-profile" "/tmp/rust_mozprofileoAo8JM"
console.warn: SearchSettings: "get: No settings file exists, new profile?" (new Error("", "(unknown module)"))
console.error: Region.jsm: "Error fetching region" (new AbortError("The operation was aborted. ", (void 0), 770))
console.error: Region.jsm: "Failed to fetch region" (new Error("NO_RESULT", "resource://gre/modules/Region.jsm", 419))
1619961601292	Marionette	INFO	Listening on port 39193
1619961601425	Marionette	WARN	TLS certificate errors will be ignored for this session
JavaScript warning: https://web.whatsapp.com/bootstrap_qr.df9188bb4cd23ee53e79.js, line 1: unreachable code after return statement
JavaScript warning: https://web.whatsapp.com/bootstrap_qr.df9188bb4cd23ee53e79.js, line 1: unreachable code after return statement
1619961694943	Marionette	INFO	Stopped listening on port 39193
1619961840975	geckodriver	INFO	Listening on 127.0.0.1:55023
1619961841003	mozrunner::runner	INFO	Running command: "/usr/bin/firefox" "--marionette" "-foreground" "-no-remote" "-profile" "/tmp/rust_mozprofileM3In5E"
console.warn: SearchSettings: "get: No settings file exists, new profile?" (new Error("", "(unknown module)"))
1619961847801	Marionette	INFO	Listening on port 43213
1619961847892	Marionette	WARN	TLS certificate errors will be ignored for this session
JavaScript warning: https://web.whatsapp.com/bootstrap_qr.df9188bb4cd23ee53e79.js, line 1: unreachable code after return statement
JavaScript warning: https://web.whatsapp.com/bootstrap_qr.df9188bb4cd23ee53e79.js, line 1: unreachable code after return statement
JavaScript warning: https://web.whatsapp.com/bootstrap_qr.df9188bb4cd23ee53e79.js, line 1: unreachable code after return statement
JavaScript warning: https://web.whatsapp.com/bootstrap_qr.df9188bb4cd23ee53e79.js, line 1: unreachable code after return statement
console.log: WebExtensions: reset-default-search: No addons in our list are installed.
1619962296623	geckodriver	INFO	Listening on 127.0.0.1:47633
1619962297685	mozrunner::runner	INFO	Running command: "/usr/bin/firefox" "--marionette" "-foreground" "-no-remote" "-profile" "/tmp/rust_mozprofiledjDdKW"
console.warn: SearchSettings: "get: No settings file exists, new profile?" (new Error("", "(unknown module)"))
console.error: Region.jsm: "Error fetching region" (new Error("TIMEOUT", "resource://gre/modules/Region.jsm", 772))
console.error: Region.jsm: "Failed to fetch region" (new Error("TIMEOUT", "resource://gre/modules/Region.jsm", 419))
1619962309002	Marionette	INFO	Listening on port 35961
1619962309143	Marionette	WARN	TLS certificate errors will be ignored for this session
JavaScript warning: https://web.whatsapp.com/bootstrap_qr.df9188bb4cd23ee53e79.js, line 1: unreachable code after return statement
JavaScript warning: https://web.whatsapp.com/bootstrap_qr.df9188bb4cd23ee53e79.js, line 1: unreachable code after return statement
JavaScript warning: https://web.whatsapp.com/bootstrap_qr.df9188bb4cd23ee53e79.js, line 1: unreachable code after return statement
JavaScript warning: https://web.whatsapp.com/bootstrap_qr.df9188bb4cd23ee53e79.js, line 1: unreachable code after return statement
1619962577428	Marionette	INFO	Stopped listening on port 43213
console.warn: services.settings: main/partitioning-exempt-urls sync interrupted by shutdown
console.warn: services.settings: main/public-suffix-list sync interrupted by shutdown
console.warn: services.settings: main/language-dictionaries sync interrupted by shutdown
console.warn: services.settings: main/anti-tracking-url-decoration sync interrupted by shutdown
console.warn: services.settings: main/sites-classification sync interrupted by shutdown
console.warn: services.settings: pinning/pins sync interrupted by shutdown
1619962579343	Marionette	INFO	Stopped listening on port 35961

###!!! [Parent][RunMessage] Error: Channel closing: too late to send/recv, messages will be lost

1621687646295	geckodriver	INFO	Listening on 127.0.0.1:33705
1621687647292	mozrunner::runner	INFO	Running command: "/usr/bin/firefox" "--marionette" "-foreground" "-no-remote" "-profile" "/tmp/rust_mozprofileKq3L7E"
1621687649053	Marionette	INFO	Marionette enabled
console.warn: SearchSettings: "get: No settings file exists, new profile?" (new Error("", "(unknown module)"))
1621687657346	Marionette	INFO	Listening on port 43359
1621687657567	Marionette	WARN	TLS certificate errors will be ignored for this session
JavaScript warning: https://web.whatsapp.com/bootstrap_qr.3ee97e011a14353fd537.js, line 1: unreachable code after return statement
JavaScript warning: https://web.whatsapp.com/bootstrap_qr.3ee97e011a14353fd537.js, line 1: unreachable code after return statement
IPDL protocol error: Handler returned error code!

###!!! [Parent][DispatchAsyncMessage] Error: PBackground::Msg_MessagePortForceClose Processing error: message was deserialized, but the handler returned false (indicating failure)

JavaScript warning: https://web.whatsapp.com/bootstrap_qr.3ee97e011a14353fd537.js, line 1: unreachable code after return statement
JavaScript warning: https://web.whatsapp.com/bootstrap_qr.3ee97e011a14353fd537.js, line 1: unreachable code after return statement
JavaScript error: , line 0: InvalidStateError: An attempt was made to use an object that is not, or is no longer, usable
[GFX1-]: Receive IPC close with reason=AbnormalShutdown
Exiting due to channel error.
Exiting due to channel error.
Exiting due to channel error.
1621692354847	geckodriver	INFO	Listening on 127.0.0.1:55833
1621692355937	mozrunner::runner	INFO	Running command: "/usr/bin/firefox" "--marionette" "-foreground" "-no-remote" "-profile" "/tmp/rust_mozprofilew0LJcF"
1621692356519	Marionette	INFO	Marionette enabled
console.warn: SearchSettings: "get: No settings file exists, new profile?" (new Error("", "(unknown module)"))
1621692360443	Marionette	INFO	Listening on port 45401
1621692360498	Marionette	WARN	TLS certificate errors will be ignored for this session
JavaScript warning: https://web.whatsapp.com/bootstrap_qr.3ee97e011a14353fd537.js, line 1: unreachable code after return statement
JavaScript warning: https://web.whatsapp.com/bootstrap_qr.3ee97e011a14353fd537.js, line 1: unreachable code after return statement
JavaScript warning: https://web.whatsapp.com/bootstrap_qr.3ee97e011a14353fd537.js, line 1: unreachable code after return statement
JavaScript warning: https://web.whatsapp.com/bootstrap_qr.3ee97e011a14353fd537.js, line 1: unreachable code after return statement
1621699131196	Marionette	INFO	Stopped listening on port 45401
1621884461037	geckodriver	INFO	Listening on 127.0.0.1:51547
1621884462030	mozrunner::runner	INFO	Running command: "/usr/bin/firefox" "--marionette" "-foreground" "-no-remote" "-profile" "/tmp/rust_mozprofile6jsRWg"
1621884469700	Marionette	INFO	Marionette enabled
console.warn: SearchSettings: "get: No settings file exists, new profile?" (new Error("", "(unknown module)"))
1621884478809	Marionette	INFO	Listening on port 35505
1621884479239	Marionette	WARN	TLS certificate errors will be ignored for this session
JavaScript warning: https://web.whatsapp.com/bootstrap_qr.3ee97e011a14353fd537.js, line 1: unreachable code after return statement
JavaScript warning: https://web.whatsapp.com/bootstrap_qr.3ee97e011a14353fd537.js, line 1: unreachable code after return statement
JavaScript warning: https://web.whatsapp.com/bootstrap_qr.3ee97e011a14353fd537.js, line 1: unreachable code after return statement
JavaScript warning: https://web.whatsapp.com/bootstrap_qr.3ee97e011a14353fd537.js, line 1: unreachable code after return statement
JavaScript warning: https://web.whatsapp.com/bootstrap_qr.3ee97e011a14353fd537.js, line 1: unreachable code after return statement
JavaScript warning: https://web.whatsapp.com/bootstrap_qr.3ee97e011a14353fd537.js, line 1: unreachable code after return statement
1621884574598	geckodriver	INFO	Listening on 127.0.0.1:49621
1621884575607	mozrunner::runner	INFO	Running command: "/usr/bin/firefox" "--marionette" "-foreground" "-no-remote" "-profile" "/tmp/rust_mozprofile3tgiAn"
1621884576227	Marionette	INFO	Marionette enabled
console.warn: SearchSettings: "get: No settings file exists, new profile?" (new Error("", "(unknown module)"))
1621884580640	Marionette	INFO	Listening on port 33329
1621884580762	Marionette	WARN	TLS certificate errors will be ignored for this session
JavaScript warning: https://web.whatsapp.com/bootstrap_qr.3ee97e011a14353fd537.js, line 1: unreachable code after return statement
JavaScript warning: https://web.whatsapp.com/bootstrap_qr.3ee97e011a14353fd537.js, line 1: unreachable code after return statement
JavaScript warning: https://web.whatsapp.com/bootstrap_qr.3ee97e011a14353fd537.js, line 1: unreachable code after return statement
JavaScript warning: https://web.whatsapp.com/bootstrap_qr.3ee97e011a14353fd537.js, line 1: unreachable code after return statement
1621884591341	Marionette	INFO	Stopped listening on port 35505
JavaScript warning: https://web.whatsapp.com/bootstrap_qr.3ee97e011a14353fd537.js, line 1: unreachable code after return statement
JavaScript warning: https://web.whatsapp.com/bootstrap_qr.3ee97e011a14353fd537.js, line 1: unreachable code after return statement
1621884668782	Marionette	INFO	Stopped listening on port 33329
1621884729731	geckodriver	INFO	Listening on 127.0.0.1:54159
1621884730736	mozrunner::runner	INFO	Running command: "/usr/bin/firefox" "--marionette" "-foreground" "-no-remote" "-profile" "/tmp/rust_mozprofilemSi3eB"
1621884731269	Marionette	INFO	Marionette enabled
console.warn: SearchSettings: "get: No settings file exists, new profile?" (new Error("", "(unknown module)"))
1621884734956	Marionette	INFO	Listening on port 33085
1621884735113	Marionette	WARN	TLS certificate errors will be ignored for this session
JavaScript warning: https://web.whatsapp.com/bootstrap_qr.3ee97e011a14353fd537.js, line 1: unreachable code after return statement
JavaScript warning: https://web.whatsapp.com/bootstrap_qr.3ee97e011a14353fd537.js, line 1: unreachable code after return statement
Exiting due to channel error.
Exiting due to channel error.
Exiting due to channel error.
1621886409633	geckodriver	INFO	Listening on 127.0.0.1:35917
1621886410643	mozrunner::runner	INFO	Running command: "/usr/bin/firefox" "--marionette" "-foreground" "-no-remote" "-profile" "/tmp/rust_mozprofile2tzled"
1621886411203	Marionette	INFO	Marionette enabled
console.warn: SearchSettings: "get: No settings file exists, new profile?" (new Error("", "(unknown module)"))
1621886415909	Marionette	INFO	Listening on port 38129
1621886415990	Marionette	WARN	TLS certificate errors will be ignored for this session
JavaScript warning: https://web.whatsapp.com/bootstrap_qr.3ee97e011a14353fd537.js, line 1: unreachable code after return statement
JavaScript warning: https://web.whatsapp.com/bootstrap_qr.3ee97e011a14353fd537.js, line 1: unreachable code after return statement
JavaScript warning: https://web.whatsapp.com/bootstrap_qr.3ee97e011a14353fd537.js, line 1: unreachable code after return statement
JavaScript warning: https://web.whatsapp.com/bootstrap_qr.3ee97e011a14353fd537.js, line 1: unreachable code after return statement
1621886720757	geckodriver	INFO	Listening on 127.0.0.1:49107
1621886721765	mozrunner::runner	INFO	Running command: "/usr/bin/firefox" "--marionette" "-foreground" "-no-remote" "-profile" "/tmp/rust_mozprofileL7BYwU"
1621886722358	Marionette	INFO	Marionette enabled
console.warn: SearchSettings: "get: No settings file exists, new profile?" (new Error("", "(unknown module)"))
1621886726670	Marionette	INFO	Listening on port 35959
1621886726725	Marionette	WARN	TLS certificate errors will be ignored for this session
JavaScript warning: https://web.whatsapp.com/bootstrap_qr.3ee97e011a14353fd537.js, line 1: unreachable code after return statement
JavaScript warning: https://web.whatsapp.com/bootstrap_qr.3ee97e011a14353fd537.js, line 1: unreachable code after return statement
JavaScript warning: https://web.whatsapp.com/bootstrap_qr.3ee97e011a14353fd537.js, line 1: unreachable code after return statement
JavaScript warning: https://web.whatsapp.com/bootstrap_qr.3ee97e011a14353fd537.js, line 1: unreachable code after return statement
1621886731160	Marionette	INFO	Stopped listening on port 38129
Exiting due to channel error.
Exiting due to channel error.
Exiting due to channel error.
1621887979326	geckodriver	INFO	Listening on 127.0.0.1:56885
1621887980335	mozrunner::runner	INFO	Running command: "/usr/bin/firefox" "--marionette" "-foreground" "-no-remote" "-profile" "/tmp/rust_mozprofileA8SVsi"
1621887980924	Marionette	INFO	Marionette enabled
console.warn: SearchSettings: "get: No settings file exists, new profile?" (new Error("", "(unknown module)"))
1621887984780	Marionette	INFO	Listening on port 35377
1621887984937	Marionette	WARN	TLS certificate errors will be ignored for this session
JavaScript warning: https://web.whatsapp.com/bootstrap_qr.3ee97e011a14353fd537.js, line 1: unreachable code after return statement
JavaScript warning: https://web.whatsapp.com/bootstrap_qr.3ee97e011a14353fd537.js, line 1: unreachable code after return statement
JavaScript warning: https://web.whatsapp.com/bootstrap_qr.3ee97e011a14353fd537.js, line 1: unreachable code after return statement
JavaScript warning: https://web.whatsapp.com/bootstrap_qr.3ee97e011a14353fd537.js, line 1: unreachable code after return statement
1621887995331	Marionette	INFO	Stopped listening on port 35377
1621891351840	geckodriver	INFO	Listening on 127.0.0.1:44083
1621891352885	mozrunner::runner	INFO	Running command: "/usr/bin/firefox" "--marionette" "-foreground" "-no-remote" "-profile" "/tmp/rust_mozprofilegKD8oY"
1621891353543	Marionette	INFO	Marionette enabled
console.warn: SearchSettings: "get: No settings file exists, new profile?" (new Error("", "(unknown module)"))
1621891357288	Marionette	INFO	Listening on port 36649
1621891357430	Marionette	WARN	TLS certificate errors will be ignored for this session
JavaScript warning: https://web.whatsapp.com/bootstrap_qr.3ee97e011a14353fd537.js, line 1: unreachable code after return statement
JavaScript warning: https://web.whatsapp.com/bootstrap_qr.3ee97e011a14353fd537.js, line 1: unreachable code after return statement
JavaScript warning: https://web.whatsapp.com/bootstrap_qr.3ee97e011a14353fd537.js, line 1: unreachable code after return statement
JavaScript warning: https://web.whatsapp.com/bootstrap_qr.3ee97e011a14353fd537.js, line 1: unreachable code after return statement
1621891468483	Marionette	INFO	Stopped listening on port 36649
1621891487845	geckodriver	INFO	Listening on 127.0.0.1:51425
1621891488855	mozrunner::runner	INFO	Running command: "/usr/bin/firefox" "--marionette" "-foreground" "-no-remote" "-profile" "/tmp/rust_mozprofileuxQtaE"
1621891489393	Marionette	INFO	Marionette enabled
console.warn: SearchSettings: "get: No settings file exists, new profile?" (new Error("", "(unknown module)"))
1621891493566	Marionette	INFO	Listening on port 34421
1621891493611	Marionette	WARN	TLS certificate errors will be ignored for this session
JavaScript warning: https://web.whatsapp.com/bootstrap_qr.3ee97e011a14353fd537.js, line 1: unreachable code after return statement
JavaScript warning: https://web.whatsapp.com/bootstrap_qr.3ee97e011a14353fd537.js, line 1: unreachable code after return statement
JavaScript warning: https://web.whatsapp.com/bootstrap_qr.3ee97e011a14353fd537.js, line 1: unreachable code after return statement
JavaScript warning: https://web.whatsapp.com/bootstrap_qr.3ee97e011a14353fd537.js, line 1: unreachable code after return statement
1621891787045	Marionette	INFO	Stopped listening on port 34421
1621891936233	geckodriver	INFO	Listening on 127.0.0.1:53133
1621891937243	mozrunner::runner	INFO	Running command: "/usr/bin/firefox" "--marionette" "-foreground" "-no-remote" "-profile" "/tmp/rust_mozprofile5eFyZ4"
1621891938024	Marionette	INFO	Marionette enabled
console.warn: SearchSettings: "get: No settings file exists, new profile?" (new Error("", "(unknown module)"))
1621891941656	Marionette	INFO	Listening on port 41823
1621891941965	Marionette	WARN	TLS certificate errors will be ignored for this session
JavaScript warning: https://web.whatsapp.com/bootstrap_qr.3ee97e011a14353fd537.js, line 1: unreachable code after return statement
JavaScript warning: https://web.whatsapp.com/bootstrap_qr.3ee97e011a14353fd537.js, line 1: unreachable code after return statement
JavaScript warning: https://web.whatsapp.com/bootstrap_qr.3ee97e011a14353fd537.js, line 1: unreachable code after return statement
JavaScript warning: https://web.whatsapp.com/bootstrap_qr.3ee97e011a14353fd537.js, line 1: unreachable code after return statement

###!!! [Parent][RunMessage] Error: Channel closing: too late to send/recv, messages will be lost


###!!! [Parent][RunMessage] Error: Channel closing: too late to send/recv, messages will be lost


###!!! [Parent][RunMessage] Error: Channel closing: too late to send/recv, messages will be lost


###!!! [Parent][RunMessage] Error: Channel closing: too late to send/recv, messages will be lost


###!!! [Parent][RunMessage] Error: Channel closing: too late to send/recv, messages will be lost


###!!! [Parent][RunMessage] Error: Channel closing: too late to send/recv, messages will be lost


###!!! [Parent][RunMessage] Error: Channel closing: too late to send/recv, messages will be lost


###!!! [Parent][RunMessage] Error: Channel closing: too late to send/recv, messages will be lost


###!!! [Parent][RunMessage] Error: Channel closing: too late to send/recv, messages will be lost


###!!! [Parent][RunMessage] Error: Channel closing: too late to send/recv, messages will be lost

1621892121063	Marionette	INFO	Stopped listening on port 41823

###!!! [Parent][RunMessage] Error: Channel closing: too late to send/recv, messages will be lost

