1618987584113	geckodriver	INFO	Listening on 127.0.0.1:39393
1618987584134	mozrunner::runner	INFO	Running command: "/usr/bin/firefox" "--marionette" "-foreground" "-no-remote" "-profile" "/tmp/rust_mozprofileK9oG74"
console.warn: SearchSettings: "get: No settings file exists, new profile?" (new Error("", "(unknown module)"))
1618987588043	Marionette	INFO	Listening on port 43897
1618987588079	Marionette	WARN	TLS certificate errors will be ignored for this session
JavaScript warning: https://web.whatsapp.com/bootstrap_qr.b331bf4e2ea119ffdd12.js, line 1: unreachable code after return statement
JavaScript warning: https://web.whatsapp.com/bootstrap_qr.b331bf4e2ea119ffdd12.js, line 1: unreachable code after return statement
console.log: WebExtensions: reset-default-search: No addons in our list are installed.
Exiting due to channel error.
Exiting due to channel error.
Exiting due to channel error.
1618991170785	geckodriver	INFO	Listening on 127.0.0.1:51719
1618991171801	mozrunner::runner	INFO	Running command: "/usr/bin/firefox" "--marionette" "-foreground" "-no-remote" "-profile" "/tmp/rust_mozprofileFiWeI1"
console.warn: SearchSettings: "get: No settings file exists, new profile?" (new Error("", "(unknown module)"))
1618991175694	Marionette	INFO	Listening on port 42737
1618991175728	Marionette	WARN	TLS certificate errors will be ignored for this session
JavaScript warning: https://web.whatsapp.com/bootstrap_qr.b331bf4e2ea119ffdd12.js, line 1: unreachable code after return statement
JavaScript warning: https://web.whatsapp.com/bootstrap_qr.b331bf4e2ea119ffdd12.js, line 1: unreachable code after return statement
Exiting due to channel error.
Exiting due to channel error.
Exiting due to channel error.
1618991528725	geckodriver	INFO	Listening on 127.0.0.1:58265
1618991529745	mozrunner::runner	INFO	Running command: "/usr/bin/firefox" "--marionette" "-foreground" "-no-remote" "-profile" "/tmp/rust_mozprofileSy2DFA"
console.warn: SearchSettings: "get: No settings file exists, new profile?" (new Error("", "(unknown module)"))
1618991534162	Marionette	INFO	Listening on port 45001
1618991534293	Marionette	WARN	TLS certificate errors will be ignored for this session
JavaScript warning: https://web.whatsapp.com/bootstrap_qr.b331bf4e2ea119ffdd12.js, line 1: unreachable code after return statement
JavaScript warning: https://web.whatsapp.com/bootstrap_qr.b331bf4e2ea119ffdd12.js, line 1: unreachable code after return statement
Exiting due to channel error.
[GFX1-]: Receive IPC close with reason=AbnormalShutdown
Exiting due to channel error.
Exiting due to channel error.
1618991578258	geckodriver	INFO	Listening on 127.0.0.1:57871
1618991579280	mozrunner::runner	INFO	Running command: "/usr/bin/firefox" "--marionette" "-foreground" "-no-remote" "-profile" "/tmp/rust_mozprofilecISLjC"
console.warn: SearchSettings: "get: No settings file exists, new profile?" (new Error("", "(unknown module)"))
1618991583130	Marionette	INFO	Listening on port 35089
1618991583212	Marionette	WARN	TLS certificate errors will be ignored for this session
JavaScript warning: https://web.whatsapp.com/bootstrap_qr.b331bf4e2ea119ffdd12.js, line 1: unreachable code after return statement
JavaScript warning: https://web.whatsapp.com/bootstrap_qr.b331bf4e2ea119ffdd12.js, line 1: unreachable code after return statement
Exiting due to channel error.
Exiting due to channel error.
Exiting due to channel error.
1618991975783	geckodriver	INFO	Listening on 127.0.0.1:34853
1618991975798	mozrunner::runner	INFO	Running command: "/usr/bin/firefox" "--marionette" "-foreground" "-no-remote" "-profile" "/tmp/rust_mozprofileNmjfTr"
console.warn: SearchSettings: "get: No settings file exists, new profile?" (new Error("", "(unknown module)"))
1618991979673	Marionette	INFO	Listening on port 43231
1618991979730	Marionette	WARN	TLS certificate errors will be ignored for this session
JavaScript warning: https://web.whatsapp.com/bootstrap_qr.b331bf4e2ea119ffdd12.js, line 1: unreachable code after return statement
JavaScript warning: https://web.whatsapp.com/bootstrap_qr.b331bf4e2ea119ffdd12.js, line 1: unreachable code after return statement
Exiting due to channel error.
Exiting due to channel error.
Exiting due to channel error.
1618992170230	geckodriver	INFO	Listening on 127.0.0.1:57045
1618992171257	mozrunner::runner	INFO	Running command: "/usr/bin/firefox" "--marionette" "-foreground" "-no-remote" "-profile" "/tmp/rust_mozprofileSivKa5"
console.warn: SearchSettings: "get: No settings file exists, new profile?" (new Error("", "(unknown module)"))
1618992175400	Marionette	INFO	Listening on port 36333
1618992175496	Marionette	WARN	TLS certificate errors will be ignored for this session
JavaScript warning: https://web.whatsapp.com/bootstrap_qr.b331bf4e2ea119ffdd12.js, line 1: unreachable code after return statement
JavaScript warning: https://web.whatsapp.com/bootstrap_qr.b331bf4e2ea119ffdd12.js, line 1: unreachable code after return statement
Exiting due to channel error.
Exiting due to channel error.
Exiting due to channel error.
1618992228007	geckodriver	INFO	Listening on 127.0.0.1:40599
1618992229030	mozrunner::runner	INFO	Running command: "/usr/bin/firefox" "--marionette" "-foreground" "-no-remote" "-profile" "/tmp/rust_mozprofilevHE7n4"
console.warn: SearchSettings: "get: No settings file exists, new profile?" (new Error("", "(unknown module)"))
1618992233245	Marionette	INFO	Listening on port 45173
1618992233270	Marionette	WARN	TLS certificate errors will be ignored for this session
JavaScript warning: https://web.whatsapp.com/bootstrap_qr.b331bf4e2ea119ffdd12.js, line 1: unreachable code after return statement
JavaScript warning: https://web.whatsapp.com/bootstrap_qr.b331bf4e2ea119ffdd12.js, line 1: unreachable code after return statement
1618992258001	Marionette	INFO	Stopped listening on port 45173
1618992546710	geckodriver	INFO	Listening on 127.0.0.1:39215
1618992547732	mozrunner::runner	INFO	Running command: "/usr/bin/firefox" "--marionette" "-foreground" "-no-remote" "-profile" "/tmp/rust_mozprofileTsyVvr"
console.warn: SearchSettings: "get: No settings file exists, new profile?" (new Error("", "(unknown module)"))
1618992551489	Marionette	INFO	Listening on port 43785
1618992551561	Marionette	WARN	TLS certificate errors will be ignored for this session
JavaScript warning: https://web.whatsapp.com/bootstrap_qr.b331bf4e2ea119ffdd12.js, line 1: unreachable code after return statement
JavaScript warning: https://web.whatsapp.com/bootstrap_qr.b331bf4e2ea119ffdd12.js, line 1: unreachable code after return statement
Exiting due to channel error.
Exiting due to channel error.
[GFX1-]: Receive IPC close with reason=AbnormalShutdown
Exiting due to channel error.
1618992648124	geckodriver	INFO	Listening on 127.0.0.1:43229
1618992649145	mozrunner::runner	INFO	Running command: "/usr/bin/firefox" "--marionette" "-foreground" "-no-remote" "-profile" "/tmp/rust_mozprofilejRJeTl"
console.warn: SearchSettings: "get: No settings file exists, new profile?" (new Error("", "(unknown module)"))
1618992652705	Marionette	INFO	Listening on port 35723
1618992652827	Marionette	WARN	TLS certificate errors will be ignored for this session
JavaScript warning: https://web.whatsapp.com/bootstrap_qr.b331bf4e2ea119ffdd12.js, line 1: unreachable code after return statement
JavaScript warning: https://web.whatsapp.com/bootstrap_qr.b331bf4e2ea119ffdd12.js, line 1: unreachable code after return statement
JavaScript warning: https://web.whatsapp.com/bootstrap_qr.b331bf4e2ea119ffdd12.js, line 1: unreachable code after return statement
JavaScript warning: https://web.whatsapp.com/bootstrap_qr.b331bf4e2ea119ffdd12.js, line 1: unreachable code after return statement
Exiting due to channel error.
Exiting due to channel error.
Exiting due to channel error.
1618992720205	geckodriver	INFO	Listening on 127.0.0.1:60863
1618992721211	mozrunner::runner	INFO	Running command: "/usr/bin/firefox" "--marionette" "-foreground" "-no-remote" "-profile" "/tmp/rust_mozprofile8VhwhF"
console.warn: SearchSettings: "get: No settings file exists, new profile?" (new Error("", "(unknown module)"))
1618992724864	Marionette	INFO	Listening on port 35465
1618992724941	Marionette	WARN	TLS certificate errors will be ignored for this session
JavaScript warning: https://web.whatsapp.com/bootstrap_qr.b331bf4e2ea119ffdd12.js, line 1: unreachable code after return statement
JavaScript warning: https://web.whatsapp.com/bootstrap_qr.b331bf4e2ea119ffdd12.js, line 1: unreachable code after return statement
JavaScript warning: https://web.whatsapp.com/bootstrap_qr.b331bf4e2ea119ffdd12.js, line 1: unreachable code after return statement
JavaScript warning: https://web.whatsapp.com/bootstrap_qr.b331bf4e2ea119ffdd12.js, line 1: unreachable code after return statement
JavaScript error: , line 0: InvalidStateError: An attempt was made to use an object that is not, or is no longer, usable
Exiting due to channel error.
Exiting due to channel error.
Exiting due to channel error.
1618992753906	geckodriver	INFO	Listening on 127.0.0.1:47575
1618992754916	mozrunner::runner	INFO	Running command: "/usr/bin/firefox" "--marionette" "-foreground" "-no-remote" "-profile" "/tmp/rust_mozprofileyRDjho"
console.warn: SearchSettings: "get: No settings file exists, new profile?" (new Error("", "(unknown module)"))
1618992758548	Marionette	INFO	Listening on port 34837
1618992758663	Marionette	WARN	TLS certificate errors will be ignored for this session
JavaScript warning: https://web.whatsapp.com/bootstrap_qr.b331bf4e2ea119ffdd12.js, line 1: unreachable code after return statement
JavaScript warning: https://web.whatsapp.com/bootstrap_qr.b331bf4e2ea119ffdd12.js, line 1: unreachable code after return statement
JavaScript warning: https://web.whatsapp.com/bootstrap_qr.b331bf4e2ea119ffdd12.js, line 1: unreachable code after return statement
JavaScript warning: https://web.whatsapp.com/bootstrap_qr.b331bf4e2ea119ffdd12.js, line 1: unreachable code after return statement
1618992776556	geckodriver	INFO	Listening on 127.0.0.1:48325
1618992777581	mozrunner::runner	INFO	Running command: "/usr/bin/firefox" "--marionette" "-foreground" "-no-remote" "-profile" "/tmp/rust_mozprofileULDloA"
console.warn: SearchSettings: "get: No settings file exists, new profile?" (new Error("", "(unknown module)"))
1618992781852	Marionette	INFO	Listening on port 36877
1618992781972	Marionette	WARN	TLS certificate errors will be ignored for this session
JavaScript warning: https://web.whatsapp.com/bootstrap_qr.b331bf4e2ea119ffdd12.js, line 1: unreachable code after return statement
JavaScript warning: https://web.whatsapp.com/bootstrap_qr.b331bf4e2ea119ffdd12.js, line 1: unreachable code after return statement
JavaScript error: , line 0: InvalidStateError: An attempt was made to use an object that is not, or is no longer, usable
console.log: "RemoteSettingsWorker error: Error: Can't import when we've started shutting down."
console.log: "RemoteSettingsWorker error: Error: Can't import when we've started shutting down."
JavaScript error: resource://gre/modules/Sqlite.jsm, line 927: Error: Connection is not open.
1618992786524	Marionette	INFO	Stopped listening on port 36877

###!!! [Parent][RunMessage] Error: Channel closing: too late to send/recv, messages will be lost

Exiting due to channel error.
[GFX1-]: Receive IPC close with reason=AbnormalShutdown
Exiting due to channel error.
Exiting due to channel error.
1618992792659	geckodriver	INFO	Listening on 127.0.0.1:34651
1618992792702	mozrunner::runner	INFO	Running command: "/usr/bin/firefox" "--marionette" "-foreground" "-no-remote" "-profile" "/tmp/rust_mozprofilekqXKNQ"
console.warn: SearchSettings: "get: No settings file exists, new profile?" (new Error("", "(unknown module)"))
1618992796526	Marionette	INFO	Listening on port 45095
1618992796663	Marionette	WARN	TLS certificate errors will be ignored for this session
JavaScript warning: https://web.whatsapp.com/bootstrap_qr.b331bf4e2ea119ffdd12.js, line 1: unreachable code after return statement
JavaScript warning: https://web.whatsapp.com/bootstrap_qr.b331bf4e2ea119ffdd12.js, line 1: unreachable code after return statement
JavaScript warning: https://web.whatsapp.com/bootstrap_qr.b331bf4e2ea119ffdd12.js, line 1: unreachable code after return statement
JavaScript warning: https://web.whatsapp.com/bootstrap_qr.b331bf4e2ea119ffdd12.js, line 1: unreachable code after return statement
JavaScript error: , line 0: InvalidStateError: An attempt was made to use an object that is not, or is no longer, usable
1618993183136	addons.xpi	ERROR	System addon update list error Error: Failed downloading XML, status: 0, reason: error
JavaScript warning: https://web.whatsapp.com/bootstrap_qr.b331bf4e2ea119ffdd12.js, line 1: unreachable code after return statement
JavaScript warning: https://web.whatsapp.com/bootstrap_qr.b331bf4e2ea119ffdd12.js, line 1: unreachable code after return statement
1618995526064	Marionette	INFO	Stopped listening on port 45095
1618999865843	geckodriver	INFO	Listening on 127.0.0.1:42291
1618999866850	mozrunner::runner	INFO	Running command: "/usr/bin/firefox" "--marionette" "-foreground" "-no-remote" "-profile" "/tmp/rust_mozprofile8qjHXL"
console.warn: SearchSettings: "get: No settings file exists, new profile?" (new Error("", "(unknown module)"))
1618999870492	Marionette	INFO	Listening on port 40785
1618999870588	Marionette	WARN	TLS certificate errors will be ignored for this session
JavaScript warning: https://web.whatsapp.com/bootstrap_qr.b331bf4e2ea119ffdd12.js, line 1: unreachable code after return statement
JavaScript warning: https://web.whatsapp.com/bootstrap_qr.b331bf4e2ea119ffdd12.js, line 1: unreachable code after return statement
console.log: WebExtensions: reset-default-search: No addons in our list are installed.
1619009724479	geckodriver	INFO	Listening on 127.0.0.1:52369
1619009724488	mozrunner::runner	INFO	Running command: "/usr/bin/firefox" "--marionette" "-foreground" "-no-remote" "-profile" "/tmp/rust_mozprofilerdxhtq"
console.warn: SearchSettings: "get: No settings file exists, new profile?" (new Error("", "(unknown module)"))
1619009728270	Marionette	INFO	Listening on port 34755
1619009728344	Marionette	WARN	TLS certificate errors will be ignored for this session
JavaScript warning: https://web.whatsapp.com/bootstrap_qr.b331bf4e2ea119ffdd12.js, line 1: unreachable code after return statement
JavaScript warning: https://web.whatsapp.com/bootstrap_qr.b331bf4e2ea119ffdd12.js, line 1: unreachable code after return statement
console.log: WebExtensions: reset-default-search: No addons in our list are installed.
1619010301562	geckodriver	INFO	Listening on 127.0.0.1:45617
1619010301571	mozrunner::runner	INFO	Running command: "/usr/bin/firefox" "--marionette" "-foreground" "-no-remote" "-profile" "/tmp/rust_mozprofileQuJUkg"
console.warn: SearchSettings: "get: No settings file exists, new profile?" (new Error("", "(unknown module)"))
1619010305694	Marionette	INFO	Listening on port 38419
1619010305803	Marionette	WARN	TLS certificate errors will be ignored for this session
JavaScript warning: https://web.whatsapp.com/bootstrap_qr.b331bf4e2ea119ffdd12.js, line 1: unreachable code after return statement
JavaScript warning: https://web.whatsapp.com/bootstrap_qr.b331bf4e2ea119ffdd12.js, line 1: unreachable code after return statement
1619010324014	Marionette	INFO	Stopped listening on port 34755
console.log: WebExtensions: reset-default-search: No addons in our list are installed.
1619011446360	Marionette	INFO	Stopped listening on port 38419
1619168237555	geckodriver	INFO	Listening on 127.0.0.1:43617
1619168238537	mozrunner::runner	INFO	Running command: "/usr/bin/firefox" "--marionette" "-foreground" "-no-remote" "-profile" "/tmp/rust_mozprofileJ4KlXQ"
console.warn: SearchSettings: "get: No settings file exists, new profile?" (new Error("", "(unknown module)"))
1619168254246	Marionette	INFO	Listening on port 40749
1619168254604	Marionette	WARN	TLS certificate errors will be ignored for this session
JavaScript warning: https://web.whatsapp.com/bootstrap_qr.df9188bb4cd23ee53e79.js, line 1: unreachable code after return statement
JavaScript warning: https://web.whatsapp.com/bootstrap_qr.df9188bb4cd23ee53e79.js, line 1: unreachable code after return statement
Exiting due to channel error.
Exiting due to channel error.
Exiting due to channel error.
1619168334096	geckodriver	INFO	Listening on 127.0.0.1:44203
1619168335119	mozrunner::runner	INFO	Running command: "/usr/bin/firefox" "--marionette" "-foreground" "-no-remote" "-profile" "/tmp/rust_mozprofilee2ZAvK"
console.warn: SearchSettings: "get: No settings file exists, new profile?" (new Error("", "(unknown module)"))
1619168338919	Marionette	INFO	Listening on port 36839
1619168338955	Marionette	WARN	TLS certificate errors will be ignored for this session
JavaScript warning: https://web.whatsapp.com/bootstrap_qr.df9188bb4cd23ee53e79.js, line 1: unreachable code after return statement
JavaScript warning: https://web.whatsapp.com/bootstrap_qr.df9188bb4cd23ee53e79.js, line 1: unreachable code after return statement
1619168374009	Marionette	INFO	Stopped listening on port 36839

###!!! [Parent][RunMessage] Error: Channel closing: too late to send/recv, messages will be lost

1619168469106	geckodriver	INFO	Listening on 127.0.0.1:54839
1619168470124	mozrunner::runner	INFO	Running command: "/usr/bin/firefox" "--marionette" "-foreground" "-no-remote" "-profile" "/tmp/rust_mozprofileraqnlt"
console.warn: SearchSettings: "get: No settings file exists, new profile?" (new Error("", "(unknown module)"))
1619168474170	Marionette	INFO	Listening on port 38755
1619168474266	Marionette	WARN	TLS certificate errors will be ignored for this session
JavaScript warning: https://web.whatsapp.com/bootstrap_qr.df9188bb4cd23ee53e79.js, line 1: unreachable code after return statement
JavaScript warning: https://web.whatsapp.com/bootstrap_qr.df9188bb4cd23ee53e79.js, line 1: unreachable code after return statement
JavaScript error: resource://gre/modules/UrlClassifierListManager.jsm, line 691: TypeError: this.tablesData[table] is undefined
1619168483886	Marionette	INFO	Stopped listening on port 38755
1619168533247	geckodriver	INFO	Listening on 127.0.0.1:55289
1619168533268	mozrunner::runner	INFO	Running command: "/usr/bin/firefox" "--marionette" "-headless" "-foreground" "-no-remote" "-profile" "/tmp/rust_mozprofileIw0tf9"
*** You are running in headless mode.

(/usr/lib/firefox/firefox:30525): GLib-GObject-CRITICAL **: 14:32:14.199: g_object_set: assertion 'G_IS_OBJECT (object)' failed

(/usr/lib/firefox/firefox:30544): GLib-GObject-CRITICAL **: 14:32:14.305: g_object_set: assertion 'G_IS_OBJECT (object)' failed
console.warn: SearchSettings: "get: No settings file exists, new profile?" (new Error("", "(unknown module)"))
1619168536798	Marionette	INFO	Listening on port 37461

(/usr/lib/firefox/firefox:30606): GLib-GObject-CRITICAL **: 14:32:16.814: g_object_set: assertion 'G_IS_OBJECT (object)' failed
1619168536921	Marionette	WARN	TLS certificate errors will be ignored for this session
JavaScript warning: https://web.whatsapp.com/bootstrap_qr.df9188bb4cd23ee53e79.js, line 1: unreachable code after return statement
JavaScript warning: https://web.whatsapp.com/bootstrap_qr.df9188bb4cd23ee53e79.js, line 1: unreachable code after return statement
console.log: WebExtensions: reset-default-search: No addons in our list are installed.
Exiting due to channel error.
Exiting due to channel error.
Exiting due to channel error.
1619169419731	geckodriver	INFO	Listening on 127.0.0.1:45037
1619169419776	mozrunner::runner	INFO	Running command: "/usr/bin/firefox" "--marionette" "-headless" "-foreground" "-no-remote" "-profile" "/tmp/rust_mozprofileIq1XmQ"
*** You are running in headless mode.

(/usr/lib/firefox/firefox:4663): GLib-GObject-CRITICAL **: 14:47:00.894: g_object_set: assertion 'G_IS_OBJECT (object)' failed

(/usr/lib/firefox/firefox:4685): GLib-GObject-CRITICAL **: 14:47:01.047: g_object_set: assertion 'G_IS_OBJECT (object)' failed
console.warn: SearchSettings: "get: No settings file exists, new profile?" (new Error("", "(unknown module)"))

(/usr/lib/firefox/firefox:4732): GLib-GObject-CRITICAL **: 14:47:02.019: g_object_set: assertion 'G_IS_OBJECT (object)' failed
1619169423616	Marionette	INFO	Listening on port 35219
1619169423705	Marionette	WARN	TLS certificate errors will be ignored for this session
JavaScript warning: https://web.whatsapp.com/bootstrap_qr.df9188bb4cd23ee53e79.js, line 1: unreachable code after return statement
JavaScript warning: https://web.whatsapp.com/bootstrap_qr.df9188bb4cd23ee53e79.js, line 1: unreachable code after return statement
console.log: WebExtensions: reset-default-search: No addons in our list are installed.
Exiting due to channel error.
Exiting due to channel error.
Exiting due to channel error.
